


ARM Macro Assembler    Page 1 


    1 00000000         ;*******************************************************
                       ************************
    2 00000000         ;* File Name          : startup_cbm858xm.S
    3 00000000         ;* Description        : CBM858xM devices vector table fo
                       r MDK-ARM toolchain.
    4 00000000         ;*                      This module performs:
    5 00000000         ;*                      - Set the initial SP
    6 00000000         ;*                      - Set the initial PC == Reset_Ha
                       ndler
    7 00000000         ;*                      - Set the vector table entries w
                       ith the exceptions ISR address
    8 00000000         ;*                      - Configure the system clock
    9 00000000         ;*                      - Branches to __main in the C li
                       brary (which eventually
   10 00000000         ;*                        calls main()).
   11 00000000         ;*                      After Reset the CortexM0 process
                       or is in Thread mode,
   12 00000000         ;*                      priority is Privileged, and the 
                       Stack is set to Main.
   13 00000000         ;* Author     : ChipSea MCU Group
   14 00000000         ;* Version     : V1.0.0
   15 00000000         ;* Date      : 06-22-2022.
   16 00000000         ;* copyright          : CHIPSEA TECHNOLOGIES (SHENZHEN) 
                       CORP.
   17 00000000         ;* note 
   18 00000000         ;      Licensed under MCD-CS Liberty SW License Agreemen
                       t V1, (the "License");
   19 00000000         ;      You may not use this file except in compliance wi
                       th the License.
   20 00000000         ;      You may obtain a copy of the License at:
   21 00000000         ;
   22 00000000         ;    http://www.chipsea.com/software_license_agreement_l
                       iberty_v1
   23 00000000         ;
   24 00000000         ;    Unless required by applicable law or agreed to in w
                       riting, software 
   25 00000000         ;    distributed under the License is distributed on an 
                       "AS IS" BASIS, 
   26 00000000         ;    WITHOUT WARRANTIES OR CONDITIONS OF ANY KIND, eithe
                       r express or implied.
   27 00000000         ;    See the License for the specific language governing
                        permissions and
   28 00000000         ;    limitations under the License.
   29 00000000         ;*******************************************************
                       ************************
   30 00000000         ;
   31 00000000         ; <h> Stack Configuration
   32 00000000         ;   <o> Stack Size (in Bytes) <0x0-0xFFFFFFFF:8>
   33 00000000         ; </h>
   34 00000000         
   35 00000000 00003000 
                       Stack_Size
                               EQU              0x00003000
   36 00000000         
   37 00000000                 AREA             STACK, NOINIT, READWRITE, ALIGN
=3
   38 00000000         Stack_Mem
                               SPACE            Stack_Size
   39 00003000         __initial_sp



ARM Macro Assembler    Page 2 


   40 00003000         
   41 00003000         
   42 00003000         ; <h> Heap Configuration
   43 00003000         ;   <o>  Heap Size (in Bytes) <0x0-0xFFFFFFFF:8>
   44 00003000         ; </h>
   45 00003000         
   46 00003000 00000200 
                       Heap_Size
                               EQU              0x00000200
   47 00003000         
   48 00003000                 AREA             HEAP, NOINIT, READWRITE, ALIGN=
3
   49 00000000         __heap_base
   50 00000000         Heap_Mem
                               SPACE            Heap_Size
   51 00000200         __heap_limit
   52 00000200         
   53 00000200                 PRESERVE8
   54 00000200                 THUMB
   55 00000200         
   56 00000200         
   57 00000200         ; Vector Table Mapped to Address 0 at Reset
   58 00000200                 AREA             RESET, DATA, READONLY
   59 00000000                 EXPORT           __Vectors
   60 00000000                 EXPORT           __Vectors_End
   61 00000000                 EXPORT           __Vectors_Size
   62 00000000         
   63 00000000 00000000 
                       __Vectors
                               DCD              __initial_sp ; Top of Stack
   64 00000004 00000000        DCD              Reset_Handler ; Reset Handler
   65 00000008 00000000        DCD              NMI_Handler ; NMI Handler
   66 0000000C 00000000        DCD              HardFault_Handler ; Hard Fault 
                                                            Handler
   67 00000010 00000000        DCD              0           ; Reserved
   68 00000014 00000000        DCD              0           ; Reserved
   69 00000018 00000000        DCD              0           ; Reserved
   70 0000001C 00000000        DCD              0           ; Reserved
   71 00000020 00000000        DCD              0           ; Reserved
   72 00000024 00000000        DCD              0           ; Reserved
   73 00000028 00000000        DCD              0           ; Reserved
   74 0000002C 00000000        DCD              SVC_Handler ; SVCall Handler
   75 00000030 00000000        DCD              0           ; Reserved
   76 00000034 00000000        DCD              0           ; Reserved
   77 00000038 00000000        DCD              PendSV_Handler ; PendSV Handler
                                                            
   78 0000003C 00000000        DCD              SysTick_Handler 
                                                            ; SysTick Handler
   79 00000040         
   80 00000040         ; External Interrupts
   81 00000040 00000000        DCD              WWDT_IRQHandler 
                                                            ; Window Watchdog
   82 00000044 00000000        DCD              LVD_IRQHandler ; LVD through EX
                                                            TI Line detect
   83 00000048 00000000        DCD              RTC_IRQHandler ; RTC through EX
                                                            TI Line
   84 0000004C 00000000        DCD              FLASH_IRQHandler ; FLASH
   85 00000050 00000000        DCD              RCU_IRQHandler ; RCU
   86 00000054 00000000        DCD              EXTI0_1_IRQHandler 



ARM Macro Assembler    Page 3 


                                                            ; EXTI Line 0 and 1
                                                            
   87 00000058 00000000        DCD              EXTI2_3_IRQHandler 
                                                            ; EXTI Line 2 and 3
                                                            
   88 0000005C 00000000        DCD              EXTI4_15_IRQHandler 
                                                            ; EXTI Line 4 to 15
                                                            
   89 00000060 00000000        DCD              0           ; Reserved
   90 00000064 00000000        DCD              DMA1_Channel1_IRQHandler 
                                                            ; DMA1 Channel 1
   91 00000068 00000000        DCD              DMA1_Channel2_3_IRQHandler ; DM
                                                            A1 Channel 2 and Ch
                                                            annel 3
   92 0000006C 00000000        DCD              DMA1_Channel4_5_IRQHandler ; DM
                                                            A1 Channel 4 and Ch
                                                            annel 5
   93 00000070 00000000        DCD              0           ; Reserved 
   94 00000074 00000000        DCD              TIM1_BRK_UP_TRG_COM_IRQHandler 
                                                            ; TIM1 Break, Updat
                                                            e, Trigger and Comm
                                                            utation
   95 00000078 00000000        DCD              TIM1_CC_IRQHandler ; TIM1 Captu
                                                            re Compare
   96 0000007C 00000000        DCD              0           ; Reserved
   97 00000080 00000000        DCD              TIM3_IRQHandler ; TIM3 Handler
   98 00000084 00000000        DCD              LPTIM_IRQHandler 
                                                            ; LPTIM Handler
   99 00000088 00000000        DCD              SDMA_IRQHandler 
                                                            ; SDMA_IRQHandler
  100 0000008C 00000000        DCD              TIM14_IRQHandler 
                                                            ; TIM14 Handler
  101 00000090 00000000        DCD              TRNG_IRQHandler 
                                                            ; TRNG_IRQHandler
  102 00000094 00000000        DCD              HASH_IRQHandler 
                                                            ; HASH_IRQHandler
  103 00000098 00000000        DCD              PKE_IRQHandler ; PKE_IRQHandler
                                                            
  104 0000009C 00000000        DCD              I2C1_IRQHandler ; I2C1 Handler
  105 000000A0 00000000        DCD              0           ; Reserved
  106 000000A4 00000000        DCD              SPI1_IRQHandler ; SPI1 Handler
  107 000000A8 00000000        DCD              SPI2_IRQHandler ; SPI2 Handler
  108 000000AC 00000000        DCD              USART1_IRQHandler 
                                                            ; USART1 Handler
  109 000000B0 00000000        DCD              USART2_IRQHandler 
                                                            ; USART2 Handler
  110 000000B4 00000000        DCD              ACTIVE_SHIELD_IRQHandler ; ACTI
                                                            VE_SHIELD_IRQHandle
                                                            r
  111 000000B8         
  112 000000B8         __Vectors_End
  113 000000B8         
  114 000000B8 000000B8 
                       __Vectors_Size
                               EQU              __Vectors_End - __Vectors
  115 000000B8         
  116 000000B8                 AREA             |.text|, CODE, READONLY
  117 00000000         
  118 00000000         ; Reset handler routine



ARM Macro Assembler    Page 4 


  119 00000000         Reset_Handler
                               PROC
  120 00000000                 EXPORT           Reset_Handler                 [
WEAK]
  121 00000000                 IMPORT           __main
  122 00000000                 IMPORT           systeminit
  123 00000000 4804            LDR              R0, =systeminit
  124 00000002 4780            BLX              R0
  125 00000004 4804            LDR              R0, =__main
  126 00000006 4700            BX               R0
  127 00000008                 ENDP
  128 00000008         
  129 00000008         ; Dummy Exception Handlers (infinite loops which can be 
                       modified)
  130 00000008         
  131 00000008         NMI_Handler
                               PROC
  132 00000008                 EXPORT           NMI_Handler                    
[WEAK]
  133 00000008 E7FE            B                .
  134 0000000A                 ENDP
  136 0000000A         HardFault_Handler
                               PROC
  137 0000000A                 EXPORT           HardFault_Handler              
[WEAK]
  138 0000000A E7FE            B                .
  139 0000000C                 ENDP
  140 0000000C         SVC_Handler
                               PROC
  141 0000000C                 EXPORT           SVC_Handler                    
[WEAK]
  142 0000000C E7FE            B                .
  143 0000000E                 ENDP
  144 0000000E         PendSV_Handler
                               PROC
  145 0000000E                 EXPORT           PendSV_Handler                 
[WEAK]
  146 0000000E E7FE            B                .
  147 00000010                 ENDP
  148 00000010         SysTick_Handler
                               PROC
  149 00000010                 EXPORT           SysTick_Handler                
[WEAK]
  150 00000010 E7FE            B                .
  151 00000012                 ENDP
  152 00000012         
  153 00000012         Default_Handler
                               PROC
  154 00000012         
  155 00000012                 EXPORT           WWDT_IRQHandler                
[WEAK]
  156 00000012                 EXPORT           LVD_IRQHandler                 
[WEAK]
  157 00000012                 EXPORT           RTC_IRQHandler                 
[WEAK]
  158 00000012                 EXPORT           FLASH_IRQHandler               
[WEAK]
  159 00000012                 EXPORT           RCU_IRQHandler                 
[WEAK]



ARM Macro Assembler    Page 5 


  160 00000012                 EXPORT           EXTI0_1_IRQHandler             
[WEAK]
  161 00000012                 EXPORT           EXTI2_3_IRQHandler             
[WEAK]
  162 00000012                 EXPORT           EXTI4_15_IRQHandler            
[WEAK]
  163 00000012                 EXPORT           DMA1_Channel1_IRQHandler       
[WEAK]
  164 00000012                 EXPORT           DMA1_Channel2_3_IRQHandler     
[WEAK]
  165 00000012                 EXPORT           DMA1_Channel4_5_IRQHandler     
[WEAK]
  166 00000012                 EXPORT           TIM1_BRK_UP_TRG_COM_IRQHandler 
[WEAK]
  167 00000012                 EXPORT           TIM1_CC_IRQHandler             
[WEAK]
  168 00000012                 EXPORT           TIM3_IRQHandler                
[WEAK]
  169 00000012                 EXPORT           LPTIM_IRQHandler               
[WEAK]
  170 00000012                 EXPORT           SDMA_IRQHandler                
[WEAK]
  171 00000012                 EXPORT           TIM14_IRQHandler               
[WEAK]
  172 00000012                 EXPORT           TRNG_IRQHandler                
[WEAK]
  173 00000012                 EXPORT           HASH_IRQHandler                
[WEAK]
  174 00000012                 EXPORT           PKE_IRQHandler                 
[WEAK]
  175 00000012                 EXPORT           I2C1_IRQHandler                
[WEAK]
  176 00000012                 EXPORT           SPI1_IRQHandler                
[WEAK]
  177 00000012                 EXPORT           SPI2_IRQHandler                
[WEAK]
  178 00000012                 EXPORT           USART1_IRQHandler              
[WEAK]
  179 00000012                 EXPORT           USART2_IRQHandler              
[WEAK]
  180 00000012                 EXPORT           ACTIVE_SHIELD_IRQHandler       
[WEAK]
  181 00000012         
  182 00000012         
  183 00000012         WWDT_IRQHandler
  184 00000012         LVD_IRQHandler
  185 00000012         RTC_IRQHandler
  186 00000012         FLASH_IRQHandler
  187 00000012         RCU_IRQHandler
  188 00000012         EXTI0_1_IRQHandler
  189 00000012         EXTI2_3_IRQHandler
  190 00000012         EXTI4_15_IRQHandler
  191 00000012         DMA1_Channel1_IRQHandler
  192 00000012         DMA1_Channel2_3_IRQHandler
  193 00000012         DMA1_Channel4_5_IRQHandler
  194 00000012         TIM1_BRK_UP_TRG_COM_IRQHandler
  195 00000012         TIM1_CC_IRQHandler
  196 00000012         TIM3_IRQHandler
  197 00000012         LPTIM_IRQHandler



ARM Macro Assembler    Page 6 


  198 00000012         SDMA_IRQHandler
  199 00000012         TIM14_IRQHandler
  200 00000012         TRNG_IRQHandler
  201 00000012         HASH_IRQHandler
  202 00000012         PKE_IRQHandler
  203 00000012         I2C1_IRQHandler
  204 00000012         SPI1_IRQHandler
  205 00000012         SPI2_IRQHandler
  206 00000012         USART1_IRQHandler
  207 00000012         USART2_IRQHandler
  208 00000012         ACTIVE_SHIELD_IRQHandler
  209 00000012         
  210 00000012 E7FE            B                .
  211 00000014         
  212 00000014                 ENDP
  213 00000014         
  214 00000014                 ALIGN
  215 00000014         
  216 00000014         ;*******************************************************
                       ************************
  217 00000014         ; User Stack and Heap initialization
  218 00000014         ;*******************************************************
                       ************************
  219 00000014                 IF               :DEF:__MICROLIB
  220 00000014         
  221 00000014                 EXPORT           __initial_sp
  222 00000014                 EXPORT           __heap_base
  223 00000014                 EXPORT           __heap_limit
  224 00000014         
  225 00000014                 ELSE
  240                          ENDIF
  241 00000014         
  242 00000014                 END
              00000000 
              00000000 
Command Line: --debug --xref --diag_suppress=9931 --cpu=Cortex-M0 --depend=.\ob
jects\startup_cbm858xm.d -o.\objects\startup_cbm858xm.o -I.\RTE\Device\CBM8580_
v2 -I.\RTE\_Target_1 -IC:\Users\12267\AppData\Local\Arm\Packs\ARM\CMSIS\5.7.0\C
MSIS\Core\Include -IC:\Users\12267\AppData\Local\Arm\Packs\Chipsea\CBM858x_v2_D
FP\1.0.3\Device\Driver\crypto\inc -IC:\Users\12267\AppData\Local\Arm\Packs\Chip
sea\CBM858x_v2_DFP\1.0.3\Device\Driver\inc --predefine="__MICROLIB SETA 1" --pr
edefine="__UVISION_VERSION SETA 533" --predefine="_RTE_ SETA 1" --predefine="_R
TE_ SETA 1" --list=.\listings\startup_cbm858xm.lst RTE\Device\CBM8580_v2\startu
p_cbm858xm.S



ARM Macro Assembler    Page 1 Alphabetic symbol ordering
Relocatable symbols

STACK 00000000

Symbol: STACK
   Definitions
      At line 37 in file RTE\Device\CBM8580_v2\startup_cbm858xm.S
   Uses
      None
Comment: STACK unused
Stack_Mem 00000000

Symbol: Stack_Mem
   Definitions
      At line 38 in file RTE\Device\CBM8580_v2\startup_cbm858xm.S
   Uses
      None
Comment: Stack_Mem unused
__initial_sp 00003000

Symbol: __initial_sp
   Definitions
      At line 39 in file RTE\Device\CBM8580_v2\startup_cbm858xm.S
   Uses
      At line 63 in file RTE\Device\CBM8580_v2\startup_cbm858xm.S
      At line 221 in file RTE\Device\CBM8580_v2\startup_cbm858xm.S

3 symbols



ARM Macro Assembler    Page 1 Alphabetic symbol ordering
Relocatable symbols

HEAP 00000000

Symbol: HEAP
   Definitions
      At line 48 in file RTE\Device\CBM8580_v2\startup_cbm858xm.S
   Uses
      None
Comment: HEAP unused
Heap_Mem 00000000

Symbol: Heap_Mem
   Definitions
      At line 50 in file RTE\Device\CBM8580_v2\startup_cbm858xm.S
   Uses
      None
Comment: Heap_Mem unused
__heap_base 00000000

Symbol: __heap_base
   Definitions
      At line 49 in file RTE\Device\CBM8580_v2\startup_cbm858xm.S
   Uses
      At line 222 in file RTE\Device\CBM8580_v2\startup_cbm858xm.S
Comment: __heap_base used once
__heap_limit 00000200

Symbol: __heap_limit
   Definitions
      At line 51 in file RTE\Device\CBM8580_v2\startup_cbm858xm.S
   Uses
      At line 223 in file RTE\Device\CBM8580_v2\startup_cbm858xm.S
Comment: __heap_limit used once
4 symbols



ARM Macro Assembler    Page 1 Alphabetic symbol ordering
Relocatable symbols

RESET 00000000

Symbol: RESET
   Definitions
      At line 58 in file RTE\Device\CBM8580_v2\startup_cbm858xm.S
   Uses
      None
Comment: RESET unused
__Vectors 00000000

Symbol: __Vectors
   Definitions
      At line 63 in file RTE\Device\CBM8580_v2\startup_cbm858xm.S
   Uses
      At line 59 in file RTE\Device\CBM8580_v2\startup_cbm858xm.S
      At line 114 in file RTE\Device\CBM8580_v2\startup_cbm858xm.S

__Vectors_End 000000B8

Symbol: __Vectors_End
   Definitions
      At line 112 in file RTE\Device\CBM8580_v2\startup_cbm858xm.S
   Uses
      At line 60 in file RTE\Device\CBM8580_v2\startup_cbm858xm.S
      At line 114 in file RTE\Device\CBM8580_v2\startup_cbm858xm.S

3 symbols



ARM Macro Assembler    Page 1 Alphabetic symbol ordering
Relocatable symbols

.text 00000000

Symbol: .text
   Definitions
      At line 116 in file RTE\Device\CBM8580_v2\startup_cbm858xm.S
   Uses
      None
Comment: .text unused
ACTIVE_SHIELD_IRQHandler 00000012

Symbol: ACTIVE_SHIELD_IRQHandler
   Definitions
      At line 208 in file RTE\Device\CBM8580_v2\startup_cbm858xm.S
   Uses
      At line 110 in file RTE\Device\CBM8580_v2\startup_cbm858xm.S
      At line 180 in file RTE\Device\CBM8580_v2\startup_cbm858xm.S

DMA1_Channel1_IRQHandler 00000012

Symbol: DMA1_Channel1_IRQHandler
   Definitions
      At line 191 in file RTE\Device\CBM8580_v2\startup_cbm858xm.S
   Uses
      At line 90 in file RTE\Device\CBM8580_v2\startup_cbm858xm.S
      At line 163 in file RTE\Device\CBM8580_v2\startup_cbm858xm.S

DMA1_Channel2_3_IRQHandler 00000012

Symbol: DMA1_Channel2_3_IRQHandler
   Definitions
      At line 192 in file RTE\Device\CBM8580_v2\startup_cbm858xm.S
   Uses
      At line 91 in file RTE\Device\CBM8580_v2\startup_cbm858xm.S
      At line 164 in file RTE\Device\CBM8580_v2\startup_cbm858xm.S

DMA1_Channel4_5_IRQHandler 00000012

Symbol: DMA1_Channel4_5_IRQHandler
   Definitions
      At line 193 in file RTE\Device\CBM8580_v2\startup_cbm858xm.S
   Uses
      At line 92 in file RTE\Device\CBM8580_v2\startup_cbm858xm.S
      At line 165 in file RTE\Device\CBM8580_v2\startup_cbm858xm.S

Default_Handler 00000012

Symbol: Default_Handler
   Definitions
      At line 153 in file RTE\Device\CBM8580_v2\startup_cbm858xm.S
   Uses
      None
Comment: Default_Handler unused
EXTI0_1_IRQHandler 00000012

Symbol: EXTI0_1_IRQHandler
   Definitions
      At line 188 in file RTE\Device\CBM8580_v2\startup_cbm858xm.S
   Uses
      At line 86 in file RTE\Device\CBM8580_v2\startup_cbm858xm.S



ARM Macro Assembler    Page 2 Alphabetic symbol ordering
Relocatable symbols

      At line 160 in file RTE\Device\CBM8580_v2\startup_cbm858xm.S

EXTI2_3_IRQHandler 00000012

Symbol: EXTI2_3_IRQHandler
   Definitions
      At line 189 in file RTE\Device\CBM8580_v2\startup_cbm858xm.S
   Uses
      At line 87 in file RTE\Device\CBM8580_v2\startup_cbm858xm.S
      At line 161 in file RTE\Device\CBM8580_v2\startup_cbm858xm.S

EXTI4_15_IRQHandler 00000012

Symbol: EXTI4_15_IRQHandler
   Definitions
      At line 190 in file RTE\Device\CBM8580_v2\startup_cbm858xm.S
   Uses
      At line 88 in file RTE\Device\CBM8580_v2\startup_cbm858xm.S
      At line 162 in file RTE\Device\CBM8580_v2\startup_cbm858xm.S

FLASH_IRQHandler 00000012

Symbol: FLASH_IRQHandler
   Definitions
      At line 186 in file RTE\Device\CBM8580_v2\startup_cbm858xm.S
   Uses
      At line 84 in file RTE\Device\CBM8580_v2\startup_cbm858xm.S
      At line 158 in file RTE\Device\CBM8580_v2\startup_cbm858xm.S

HASH_IRQHandler 00000012

Symbol: HASH_IRQHandler
   Definitions
      At line 201 in file RTE\Device\CBM8580_v2\startup_cbm858xm.S
   Uses
      At line 102 in file RTE\Device\CBM8580_v2\startup_cbm858xm.S
      At line 173 in file RTE\Device\CBM8580_v2\startup_cbm858xm.S

HardFault_Handler 0000000A

Symbol: HardFault_Handler
   Definitions
      At line 136 in file RTE\Device\CBM8580_v2\startup_cbm858xm.S
   Uses
      At line 66 in file RTE\Device\CBM8580_v2\startup_cbm858xm.S
      At line 137 in file RTE\Device\CBM8580_v2\startup_cbm858xm.S

I2C1_IRQHandler 00000012

Symbol: I2C1_IRQHandler
   Definitions
      At line 203 in file RTE\Device\CBM8580_v2\startup_cbm858xm.S
   Uses
      At line 104 in file RTE\Device\CBM8580_v2\startup_cbm858xm.S
      At line 175 in file RTE\Device\CBM8580_v2\startup_cbm858xm.S

LPTIM_IRQHandler 00000012

Symbol: LPTIM_IRQHandler



ARM Macro Assembler    Page 3 Alphabetic symbol ordering
Relocatable symbols

   Definitions
      At line 197 in file RTE\Device\CBM8580_v2\startup_cbm858xm.S
   Uses
      At line 98 in file RTE\Device\CBM8580_v2\startup_cbm858xm.S
      At line 169 in file RTE\Device\CBM8580_v2\startup_cbm858xm.S

LVD_IRQHandler 00000012

Symbol: LVD_IRQHandler
   Definitions
      At line 184 in file RTE\Device\CBM8580_v2\startup_cbm858xm.S
   Uses
      At line 82 in file RTE\Device\CBM8580_v2\startup_cbm858xm.S
      At line 156 in file RTE\Device\CBM8580_v2\startup_cbm858xm.S

NMI_Handler 00000008

Symbol: NMI_Handler
   Definitions
      At line 131 in file RTE\Device\CBM8580_v2\startup_cbm858xm.S
   Uses
      At line 65 in file RTE\Device\CBM8580_v2\startup_cbm858xm.S
      At line 132 in file RTE\Device\CBM8580_v2\startup_cbm858xm.S

PKE_IRQHandler 00000012

Symbol: PKE_IRQHandler
   Definitions
      At line 202 in file RTE\Device\CBM8580_v2\startup_cbm858xm.S
   Uses
      At line 103 in file RTE\Device\CBM8580_v2\startup_cbm858xm.S
      At line 174 in file RTE\Device\CBM8580_v2\startup_cbm858xm.S

PendSV_Handler 0000000E

Symbol: PendSV_Handler
   Definitions
      At line 144 in file RTE\Device\CBM8580_v2\startup_cbm858xm.S
   Uses
      At line 77 in file RTE\Device\CBM8580_v2\startup_cbm858xm.S
      At line 145 in file RTE\Device\CBM8580_v2\startup_cbm858xm.S

RCU_IRQHandler 00000012

Symbol: RCU_IRQHandler
   Definitions
      At line 187 in file RTE\Device\CBM8580_v2\startup_cbm858xm.S
   Uses
      At line 85 in file RTE\Device\CBM8580_v2\startup_cbm858xm.S
      At line 159 in file RTE\Device\CBM8580_v2\startup_cbm858xm.S

RTC_IRQHandler 00000012

Symbol: RTC_IRQHandler
   Definitions
      At line 185 in file RTE\Device\CBM8580_v2\startup_cbm858xm.S
   Uses
      At line 83 in file RTE\Device\CBM8580_v2\startup_cbm858xm.S
      At line 157 in file RTE\Device\CBM8580_v2\startup_cbm858xm.S



ARM Macro Assembler    Page 4 Alphabetic symbol ordering
Relocatable symbols


Reset_Handler 00000000

Symbol: Reset_Handler
   Definitions
      At line 119 in file RTE\Device\CBM8580_v2\startup_cbm858xm.S
   Uses
      At line 64 in file RTE\Device\CBM8580_v2\startup_cbm858xm.S
      At line 120 in file RTE\Device\CBM8580_v2\startup_cbm858xm.S

SDMA_IRQHandler 00000012

Symbol: SDMA_IRQHandler
   Definitions
      At line 198 in file RTE\Device\CBM8580_v2\startup_cbm858xm.S
   Uses
      At line 99 in file RTE\Device\CBM8580_v2\startup_cbm858xm.S
      At line 170 in file RTE\Device\CBM8580_v2\startup_cbm858xm.S

SPI1_IRQHandler 00000012

Symbol: SPI1_IRQHandler
   Definitions
      At line 204 in file RTE\Device\CBM8580_v2\startup_cbm858xm.S
   Uses
      At line 106 in file RTE\Device\CBM8580_v2\startup_cbm858xm.S
      At line 176 in file RTE\Device\CBM8580_v2\startup_cbm858xm.S

SPI2_IRQHandler 00000012

Symbol: SPI2_IRQHandler
   Definitions
      At line 205 in file RTE\Device\CBM8580_v2\startup_cbm858xm.S
   Uses
      At line 107 in file RTE\Device\CBM8580_v2\startup_cbm858xm.S
      At line 177 in file RTE\Device\CBM8580_v2\startup_cbm858xm.S

SVC_Handler 0000000C

Symbol: SVC_Handler
   Definitions
      At line 140 in file RTE\Device\CBM8580_v2\startup_cbm858xm.S
   Uses
      At line 74 in file RTE\Device\CBM8580_v2\startup_cbm858xm.S
      At line 141 in file RTE\Device\CBM8580_v2\startup_cbm858xm.S

SysTick_Handler 00000010

Symbol: SysTick_Handler
   Definitions
      At line 148 in file RTE\Device\CBM8580_v2\startup_cbm858xm.S
   Uses
      At line 78 in file RTE\Device\CBM8580_v2\startup_cbm858xm.S
      At line 149 in file RTE\Device\CBM8580_v2\startup_cbm858xm.S

TIM14_IRQHandler 00000012

Symbol: TIM14_IRQHandler
   Definitions



ARM Macro Assembler    Page 5 Alphabetic symbol ordering
Relocatable symbols

      At line 199 in file RTE\Device\CBM8580_v2\startup_cbm858xm.S
   Uses
      At line 100 in file RTE\Device\CBM8580_v2\startup_cbm858xm.S
      At line 171 in file RTE\Device\CBM8580_v2\startup_cbm858xm.S

TIM1_BRK_UP_TRG_COM_IRQHandler 00000012

Symbol: TIM1_BRK_UP_TRG_COM_IRQHandler
   Definitions
      At line 194 in file RTE\Device\CBM8580_v2\startup_cbm858xm.S
   Uses
      At line 94 in file RTE\Device\CBM8580_v2\startup_cbm858xm.S
      At line 166 in file RTE\Device\CBM8580_v2\startup_cbm858xm.S

TIM1_CC_IRQHandler 00000012

Symbol: TIM1_CC_IRQHandler
   Definitions
      At line 195 in file RTE\Device\CBM8580_v2\startup_cbm858xm.S
   Uses
      At line 95 in file RTE\Device\CBM8580_v2\startup_cbm858xm.S
      At line 167 in file RTE\Device\CBM8580_v2\startup_cbm858xm.S

TIM3_IRQHandler 00000012

Symbol: TIM3_IRQHandler
   Definitions
      At line 196 in file RTE\Device\CBM8580_v2\startup_cbm858xm.S
   Uses
      At line 97 in file RTE\Device\CBM8580_v2\startup_cbm858xm.S
      At line 168 in file RTE\Device\CBM8580_v2\startup_cbm858xm.S

TRNG_IRQHandler 00000012

Symbol: TRNG_IRQHandler
   Definitions
      At line 200 in file RTE\Device\CBM8580_v2\startup_cbm858xm.S
   Uses
      At line 101 in file RTE\Device\CBM8580_v2\startup_cbm858xm.S
      At line 172 in file RTE\Device\CBM8580_v2\startup_cbm858xm.S

USART1_IRQHandler 00000012

Symbol: USART1_IRQHandler
   Definitions
      At line 206 in file RTE\Device\CBM8580_v2\startup_cbm858xm.S
   Uses
      At line 108 in file RTE\Device\CBM8580_v2\startup_cbm858xm.S
      At line 178 in file RTE\Device\CBM8580_v2\startup_cbm858xm.S

USART2_IRQHandler 00000012

Symbol: USART2_IRQHandler
   Definitions
      At line 207 in file RTE\Device\CBM8580_v2\startup_cbm858xm.S
   Uses
      At line 109 in file RTE\Device\CBM8580_v2\startup_cbm858xm.S
      At line 179 in file RTE\Device\CBM8580_v2\startup_cbm858xm.S




ARM Macro Assembler    Page 6 Alphabetic symbol ordering
Relocatable symbols

WWDT_IRQHandler 00000012

Symbol: WWDT_IRQHandler
   Definitions
      At line 183 in file RTE\Device\CBM8580_v2\startup_cbm858xm.S
   Uses
      At line 81 in file RTE\Device\CBM8580_v2\startup_cbm858xm.S
      At line 155 in file RTE\Device\CBM8580_v2\startup_cbm858xm.S

34 symbols



ARM Macro Assembler    Page 1 Alphabetic symbol ordering
Absolute symbols

Heap_Size 00000200

Symbol: Heap_Size
   Definitions
      At line 46 in file RTE\Device\CBM8580_v2\startup_cbm858xm.S
   Uses
      At line 50 in file RTE\Device\CBM8580_v2\startup_cbm858xm.S
Comment: Heap_Size used once
Stack_Size 00003000

Symbol: Stack_Size
   Definitions
      At line 35 in file RTE\Device\CBM8580_v2\startup_cbm858xm.S
   Uses
      At line 38 in file RTE\Device\CBM8580_v2\startup_cbm858xm.S
Comment: Stack_Size used once
__Vectors_Size 000000B8

Symbol: __Vectors_Size
   Definitions
      At line 114 in file RTE\Device\CBM8580_v2\startup_cbm858xm.S
   Uses
      At line 61 in file RTE\Device\CBM8580_v2\startup_cbm858xm.S
Comment: __Vectors_Size used once
3 symbols



ARM Macro Assembler    Page 1 Alphabetic symbol ordering
External symbols

__main 00000000

Symbol: __main
   Definitions
      At line 121 in file RTE\Device\CBM8580_v2\startup_cbm858xm.S
   Uses
      At line 125 in file RTE\Device\CBM8580_v2\startup_cbm858xm.S
Comment: __main used once
systeminit 00000000

Symbol: systeminit
   Definitions
      At line 122 in file RTE\Device\CBM8580_v2\startup_cbm858xm.S
   Uses
      At line 123 in file RTE\Device\CBM8580_v2\startup_cbm858xm.S
Comment: systeminit used once
2 symbols
384 symbols in table
